<?xml version="1.0" encoding="UTF-8"?>
<testng-results skipped="0" failed="0" ignored="0" total="1" passed="1">
  <reporter-output>
  </reporter-output>
  <suite name="Suite" duration-ms="33150" started-at="2020-04-03T13:41:38Z" finished-at="2020-04-03T13:42:11Z">
    <groups>
    </groups>
    <test name="Test" duration-ms="33150" started-at="2020-04-03T13:41:38Z" finished-at="2020-04-03T13:42:11Z">
      <class name="com.indee.qa.tests.HomePageTests">
        <test-method status="PASS" signature="setup()[pri:0, instance:com.indee.qa.tests.HomePageTests@1d057a39]" name="setup" is-config="true" duration-ms="12365" started-at="2020-04-03T13:41:38Z" finished-at="2020-04-03T13:41:51Z">
          <reporter-output>
          </reporter-output>
        </test-method> <!-- setup -->
        <test-method status="PASS" signature="verifyColorsAndFlow()[pri:0, instance:com.indee.qa.tests.HomePageTests@1d057a39]" name="verifyColorsAndFlow" duration-ms="19789" started-at="2020-04-03T13:41:51Z" finished-at="2020-04-03T13:42:10Z">
          <reporter-output>
          </reporter-output>
        </test-method> <!-- verifyColorsAndFlow -->
        <test-method status="PASS" signature="tearDown()[pri:0, instance:com.indee.qa.tests.HomePageTests@1d057a39]" name="tearDown" is-config="true" duration-ms="974" started-at="2020-04-03T13:42:10Z" finished-at="2020-04-03T13:42:11Z">
          <reporter-output>
          </reporter-output>
        </test-method> <!-- tearDown -->
      </class> <!-- com.indee.qa.tests.HomePageTests -->
    </test> <!-- Test -->
  </suite> <!-- Suite -->
</testng-results>
